# JRE version: Java(TM) SE Runtime Environment (8.0_05-b13) (build 1.8.0_05-b13)
# Java VM: Java HotSpot(TM) 64-Bit Server VM (25.5-b02 mixed mode windows-amd64 compressed oops)
Heap:
 PSYoungGen      total 25600K, used 16009K [0x00000000eab00000, 0x00000000ecd00000, 0x0000000100000000)
  eden space 17408K, 55% used [0x00000000eab00000,0x00000000eb46a6b0,0x00000000ebc00000)
  from space 8192K, 77% used [0x00000000ebc00000,0x00000000ec238000,0x00000000ec400000)
  to   space 7168K, 0% used [0x00000000ec400000,0x00000000ec400000,0x00000000ecb00000)
 ParOldGen       total 129536K, used 80943K [0x00000000c0000000, 0x00000000c7e80000, 0x00000000eab00000)
  object space 129536K, 62% used [0x00000000c0000000,0x00000000c4f0bd30,0x00000000c7e80000)
 Metaspace       used 5802K, capacity 6832K, committed 7040K, reserved 1056768K
  class space    used 588K, capacity 616K, committed 640K, reserved 1048576K
GC Heap History (10 events):
Event: 2.014 GC heap before
{Heap before GC invocations=17 (full 0):
 PSYoungGen      total 24576K, used 23997K [0x00000000eab00000, 0x00000000ecd00000, 0x0000000100000000)
  eden space 17408K, 100% used [0x00000000eab00000,0x00000000ebc00000,0x00000000ebc00000)
  from space 7168K, 91% used [0x00000000ec400000,0x00000000eca6f6f0,0x00000000ecb00000)
  to   space 8192K, 0% used [0x00000000ebc00000,0x00000000ebc00000,0x00000000ec400000)
 ParOldGen       total 129536K, used 43561K [0x00000000c0000000, 0x00000000c7e80000, 0x00000000eab00000)
  object space 129536K, 33% used [0x00000000c0000000,0x00000000c2a8a7e8,0x00000000c7e80000)
 Metaspace       used 5717K, capacity 6768K, committed 7040K, reserved 1056768K
  class space    used 588K, capacity 616K, committed 640K, reserved 1048576K
Event: 2.025 GC heap after
Heap after GC invocations=17 (full 0):
 PSYoungGen      total 25600K, used 7482K [0x00000000eab00000, 0x00000000ecd00000, 0x0000000100000000)
  eden space 17408K, 0% used [0x00000000eab00000,0x00000000eab00000,0x00000000ebc00000)
  from space 8192K, 91% used [0x00000000ebc00000,0x00000000ec34eae8,0x00000000ec400000)
  to   space 7168K, 0% used [0x00000000ec400000,0x00000000ec400000,0x00000000ecb00000)
 ParOldGen       total 129536K, used 49413K [0x00000000c0000000, 0x00000000c7e80000, 0x00000000eab00000)
  object space 129536K, 38% used [0x00000000c0000000,0x00000000c30414a8,0x00000000c7e80000)
 Metaspace       used 5717K, capacity 6768K, committed 7040K, reserved 1056768K
  class space    used 588K, capacity 616K, committed 640K, reserved 1048576K
}
Event: 2.178 GC heap before
{Heap before GC invocations=18 (full 0):
 PSYoungGen      total 25600K, used 24890K [0x00000000eab00000, 0x00000000ecd00000, 0x0000000100000000)
  eden space 17408K, 100% used [0x00000000eab00000,0x00000000ebc00000,0x00000000ebc00000)
  from space 8192K, 91% used [0x00000000ebc00000,0x00000000ec34eae8,0x00000000ec400000)
  to   space 7168K, 0% used [0x00000000ec400000,0x00000000ec400000,0x00000000ecb00000)
 ParOldGen       total 129536K, used 49413K [0x00000000c0000000, 0x00000000c7e80000, 0x00000000eab00000)
  object space 129536K, 38% used [0x00000000c0000000,0x00000000c30414a8,0x00000000c7e80000)
 Metaspace       used 5773K, capacity 6768K, committed 7040K, reserved 1056768K
  class space    used 588K, capacity 616K, committed 640K, reserved 1048576K
Event: 2.191 GC heap after
Heap after GC invocations=18 (full 0):
 PSYoungGen      total 24576K, used 7155K [0x00000000eab00000, 0x00000000ecd00000, 0x0000000100000000)
  eden space 17408K, 0% used [0x00000000eab00000,0x00000000eab00000,0x00000000ebc00000)
  from space 7168K, 99% used [0x00000000ec400000,0x00000000ecafce90,0x00000000ecb00000)
  to   space 8192K, 0% used [0x00000000ebc00000,0x00000000ebc00000,0x00000000ec400000)
 ParOldGen       total 129536K, used 55801K [0x00000000c0000000, 0x00000000c7e80000, 0x00000000eab00000)
  object space 129536K, 43% used [0x00000000c0000000,0x00000000c367e5c0,0x00000000c7e80000)
 Metaspace       used 5773K, capacity 6768K, committed 7040K, reserved 1056768K
  class space    used 588K, capacity 616K, committed 640K, reserved 1048576K
}
Event: 2.306 GC heap before
{Heap before GC invocations=19 (full 0):
 PSYoungGen      total 24576K, used 24559K [0x00000000eab00000, 0x00000000ecd00000, 0x0000000100000000)
  eden space 17408K, 99% used [0x00000000eab00000,0x00000000ebbfede0,0x00000000ebc00000)
  from space 7168K, 99% used [0x00000000ec400000,0x00000000ecafce90,0x00000000ecb00000)
  to   space 8192K, 0% used [0x00000000ebc00000,0x00000000ebc00000,0x00000000ec400000)
 ParOldGen       total 129536K, used 55801K [0x00000000c0000000, 0x00000000c7e80000, 0x00000000eab00000)
  object space 129536K, 43% used [0x00000000c0000000,0x00000000c367e5c0,0x00000000c7e80000)
 Metaspace       used 5797K, capacity 6832K, committed 7040K, reserved 1056768K
  class space    used 588K, capacity 616K, committed 640K, reserved 1048576K
Event: 2.324 GC heap after
Heap after GC invocations=19 (full 0):
 PSYoungGen      total 25600K, used 8182K [0x00000000eab00000, 0x00000000ecd00000, 0x0000000100000000)
  eden space 17408K, 0% used [0x00000000eab00000,0x00000000eab00000,0x00000000ebc00000)
  from space 8192K, 99% used [0x00000000ebc00000,0x00000000ec3fd8a0,0x00000000ec400000)
  to   space 7168K, 0% used [0x00000000ec400000,0x00000000ec400000,0x00000000ecb00000)
 ParOldGen       total 129536K, used 63503K [0x00000000c0000000, 0x00000000c7e80000, 0x00000000eab00000)
  object space 129536K, 49% used [0x00000000c0000000,0x00000000c3e03e78,0x00000000c7e80000)
 Metaspace       used 5797K, capacity 6832K, committed 7040K, reserved 1056768K
  class space    used 588K, capacity 616K, committed 640K, reserved 1048576K
}
Event: 2.384 GC heap before
{Heap before GC invocations=20 (full 0):
 PSYoungGen      total 25600K, used 25590K [0x00000000eab00000, 0x00000000ecd00000, 0x0000000100000000)
  eden space 17408K, 100% used [0x00000000eab00000,0x00000000ebc00000,0x00000000ebc00000)
  from space 8192K, 99% used [0x00000000ebc00000,0x00000000ec3fd8a0,0x00000000ec400000)
  to   space 7168K, 0% used [0x00000000ec400000,0x00000000ec400000,0x00000000ecb00000)
 ParOldGen       total 129536K, used 63503K [0x00000000c0000000, 0x00000000c7e80000, 0x00000000eab00000)
  object space 129536K, 49% used [0x00000000c0000000,0x00000000c3e03e78,0x00000000c7e80000)
 Metaspace       used 5799K, capacity 6832K, committed 7040K, reserved 1056768K
  class space    used 588K, capacity 616K, committed 640K, reserved 1048576K
Event: 2.563 GC heap after
Heap after GC invocations=20 (full 0):
 PSYoungGen      total 24576K, used 7156K [0x00000000eab00000, 0x00000000ecd00000, 0x0000000100000000)
  eden space 17408K, 0% used [0x00000000eab00000,0x00000000eab00000,0x00000000ebc00000)
  from space 7168K, 99% used [0x00000000ec400000,0x00000000ecafd2e8,0x00000000ecb00000)
  to   space 8192K, 0% used [0x00000000ebc00000,0x00000000ebc00000,0x00000000ec400000)
 ParOldGen       total 129536K, used 73760K [0x00000000c0000000, 0x00000000c7e80000, 0x00000000eab00000)
  object space 129536K, 56% used [0x00000000c0000000,0x00000000c48081e8,0x00000000c7e80000)
 Metaspace       used 5799K, capacity 6832K, committed 7040K, reserved 1056768K
  class space    used 588K, capacity 616K, committed 640K, reserved 1048576K
}
Event: 2.592 GC heap before
{Heap before GC invocations=21 (full 0):
 PSYoungGen      total 24576K, used 24564K [0x00000000eab00000, 0x00000000ecd00000, 0x0000000100000000)
  eden space 17408K, 99% used [0x00000000eab00000,0x00000000ebbfff08,0x00000000ebc00000)
  from space 7168K, 99% used [0x00000000ec400000,0x00000000ecafd2e8,0x00000000ecb00000)
  to   space 8192K, 0% used [0x00000000ebc00000,0x00000000ebc00000,0x00000000ec400000)
 ParOldGen       total 129536K, used 73760K [0x00000000c0000000, 0x00000000c7e80000, 0x00000000eab00000)
  object space 129536K, 56% used [0x00000000c0000000,0x00000000c48081e8,0x00000000c7e80000)
 Metaspace       used 5799K, capacity 6832K, committed 7040K, reserved 1056768K
  class space    used 588K, capacity 616K, committed 640K, reserved 1048576K
Event: 2.726 GC heap after
Heap after GC invocations=21 (full 0):
 PSYoungGen      total 25600K, used 6368K [0x00000000eab00000, 0x00000000ecd00000, 0x0000000100000000)
  eden space 17408K, 0% used [0x00000000eab00000,0x00000000eab00000,0x00000000ebc00000)
  from space 8192K, 77% used [0x00000000ebc00000,0x00000000ec238000,0x00000000ec400000)
  to   space 7168K, 0% used [0x00000000ec400000,0x00000000ec400000,0x00000000ecb00000)
 ParOldGen       total 129536K, used 80943K [0x00000000c0000000, 0x00000000c7e80000, 0x00000000eab00000)
  object space 129536K, 62% used [0x00000000c0000000,0x00000000c4f0bd30,0x00000000c7e80000)
 Metaspace       used 5799K, capacity 6832K, committed 7040K, reserved 1056768K
  class space    used 588K, capacity 616K, committed 640K, reserved 1048576K
}

